{"numTotalTestSuites":43,"numPassedTestSuites":43,"numFailedTestSuites":0,"numPendingTestSuites":0,"numTotalTests":92,"numPassedTests":92,"numFailedTests":0,"numPendingTests":0,"numTodoTests":0,"snapshot":{"added":0,"failure":false,"filesAdded":0,"filesRemoved":0,"filesRemovedList":[],"filesUnmatched":0,"filesUpdated":0,"matched":0,"total":0,"unchecked":0,"uncheckedKeysByFile":[],"unmatched":0,"updated":0,"didUpdate":false},"startTime":1773503684239,"success":true,"testResults":[{"assertionResults":[{"ancestorTitles":["Bar Chart Widget"],"fullName":"Bar Chart Widget renders custom element","status":"passed","title":"renders custom element","duration":41.92137500000001,"failureMessages":[],"meta":{},"tags":[]},{"ancestorTitles":["Bar Chart Widget"],"fullName":"Bar Chart Widget renders bars with correct data","status":"passed","title":"renders bars with correct data","duration":8.996290999999928,"failureMessages":[],"meta":{},"tags":[]},{"ancestorTitles":["Bar Chart Widget"],"fullName":"Bar Chart Widget displays labels when show-labels is true","status":"passed","title":"displays labels when show-labels is true","duration":8.258291999999983,"failureMessages":[],"meta":{},"tags":[]},{"ancestorTitles":["Bar Chart Widget"],"fullName":"Bar Chart Widget applies correct height","status":"passed","title":"applies correct height","duration":4.925041999999962,"failureMessages":[],"meta":{},"tags":[]},{"ancestorTitles":["Bar Chart Widget"],"fullName":"Bar Chart Widget applies color theme","status":"passed","title":"applies color theme","duration":4.940124999999966,"failureMessages":[],"meta":{},"tags":[]},{"ancestorTitles":["Bar Chart Widget"],"fullName":"Bar Chart Widget handles empty data gracefully","status":"passed","title":"handles empty data gracefully","duration":4.153625000000034,"failureMessages":[],"meta":{},"tags":[]},{"ancestorTitles":["Bar Chart Widget"],"fullName":"Bar Chart Widget has shadow DOM in open mode","status":"passed","title":"has shadow DOM in open mode","duration":3.9207079999999905,"failureMessages":[],"meta":{},"tags":[]},{"ancestorTitles":["Bar Chart Widget - Data Parsing"],"fullName":"Bar Chart Widget - Data Parsing parses valid JSON data","status":"passed","title":"parses valid JSON data","duration":5.165249999999901,"failureMessages":[],"meta":{},"tags":[]},{"ancestorTitles":["Bar Chart Widget - Data Parsing"],"fullName":"Bar Chart Widget - Data Parsing handles invalid JSON gracefully","status":"passed","title":"handles invalid JSON gracefully","duration":10.58279200000004,"failureMessages":[],"meta":{},"tags":[]}],"startTime":1773503684816,"endTime":1773503684909.5828,"status":"passed","message":"","name":"/Users/mac/.gemini/antigravity/scratch/sadec-marketing-hub/tests/bar-chart.vitest.ts"},{"assertionResults":[{"ancestorTitles":["Responsive CSS Breakpoints"],"fullName":"Responsive CSS Breakpoints has 1024px breakpoint","status":"passed","title":"has 1024px breakpoint","duration":0.9175410000000284,"failureMessages":[],"meta":{},"tags":[]},{"ancestorTitles":["Responsive CSS Breakpoints"],"fullName":"Responsive CSS Breakpoints has 768px breakpoint","status":"passed","title":"has 768px breakpoint","duration":0.1440420000000131,"failureMessages":[],"meta":{},"tags":[]},{"ancestorTitles":["Responsive CSS Breakpoints"],"fullName":"Responsive CSS Breakpoints has 375px breakpoint","status":"passed","title":"has 375px breakpoint","duration":0.07333299999999099,"failureMessages":[],"meta":{},"tags":[]},{"ancestorTitles":["Responsive Layout Rules"],"fullName":"Responsive Layout Rules has sidebar responsive styles","status":"passed","title":"has sidebar responsive styles","duration":0.06529199999999946,"failureMessages":[],"meta":{},"tags":[]},{"ancestorTitles":["Responsive Layout Rules"],"fullName":"Responsive Layout Rules has stats grid responsive styles","status":"passed","title":"has stats grid responsive styles","duration":0.12866600000000972,"failureMessages":[],"meta":{},"tags":[]},{"ancestorTitles":["Responsive Layout Rules"],"fullName":"Responsive Layout Rules has single column layout for mobile","status":"passed","title":"has single column layout for mobile","duration":0.06408400000003667,"failureMessages":[],"meta":{},"tags":[]},{"ancestorTitles":["Responsive Layout Rules"],"fullName":"Responsive Layout Rules has table responsive wrapper","status":"passed","title":"has table responsive wrapper","duration":0.04929199999997991,"failureMessages":[],"meta":{},"tags":[]},{"ancestorTitles":["Touch Target Sizes"],"fullName":"Touch Target Sizes has touch target variables defined","status":"passed","title":"has touch target variables defined","duration":0.09429199999999582,"failureMessages":[],"meta":{},"tags":[]},{"ancestorTitles":["Touch Target Sizes"],"fullName":"Touch Target Sizes has 40px touch target for small","status":"passed","title":"has 40px touch target for small","duration":0.37079199999999446,"failureMessages":[],"meta":{},"tags":[]},{"ancestorTitles":["Touch Target Sizes"],"fullName":"Touch Target Sizes has 44px touch target for normal","status":"passed","title":"has 44px touch target for normal","duration":0.09616599999998243,"failureMessages":[],"meta":{},"tags":[]},{"ancestorTitles":["Touch Target Sizes"],"fullName":"Touch Target Sizes has WCAG compliant button sizes","status":"passed","title":"has WCAG compliant button sizes","duration":0.05479199999996354,"failureMessages":[],"meta":{},"tags":[]},{"ancestorTitles":["Responsive Typography"],"fullName":"Responsive Typography has responsive h1 styles","status":"passed","title":"has responsive h1 styles","duration":0.04662500000000591,"failureMessages":[],"meta":{},"tags":[]},{"ancestorTitles":["Responsive Typography"],"fullName":"Responsive Typography has responsive h2 styles","status":"passed","title":"has responsive h2 styles","duration":0.04233299999998508,"failureMessages":[],"meta":{},"tags":[]},{"ancestorTitles":["Responsive Typography"],"fullName":"Responsive Typography has page title responsive","status":"passed","title":"has page title responsive","duration":0.03470899999996391,"failureMessages":[],"meta":{},"tags":[]},{"ancestorTitles":["Responsive Spacing"],"fullName":"Responsive Spacing has responsive spacing variables","status":"passed","title":"has responsive spacing variables","duration":0.03516700000000128,"failureMessages":[],"meta":{},"tags":[]},{"ancestorTitles":["Responsive Spacing"],"fullName":"Responsive Spacing has reduced spacing on mobile","status":"passed","title":"has reduced spacing on mobile","duration":0.032874999999989996,"failureMessages":[],"meta":{},"tags":[]},{"ancestorTitles":["Modal Responsive"],"fullName":"Modal Responsive has modal full width on mobile","status":"passed","title":"has modal full width on mobile","duration":0.03570799999999963,"failureMessages":[],"meta":{},"tags":[]},{"ancestorTitles":["Modal Responsive"],"fullName":"Modal Responsive has modal footer column on mobile","status":"passed","title":"has modal footer column on mobile","duration":0.03504200000003266,"failureMessages":[],"meta":{},"tags":[]},{"ancestorTitles":["Modal Responsive"],"fullName":"Modal Responsive has full width buttons in modal","status":"passed","title":"has full width buttons in modal","duration":0.03608299999996234,"failureMessages":[],"meta":{},"tags":[]},{"ancestorTitles":["Card Responsive"],"fullName":"Card Responsive has card grid responsive","status":"passed","title":"has card grid responsive","duration":0.03379200000000537,"failureMessages":[],"meta":{},"tags":[]},{"ancestorTitles":["Card Responsive"],"fullName":"Card Responsive has card padding responsive","status":"passed","title":"has card padding responsive","duration":0.03129200000000765,"failureMessages":[],"meta":{},"tags":[]},{"ancestorTitles":["Form Responsive"],"fullName":"Form Responsive has form inputs touch friendly","status":"passed","title":"has form inputs touch friendly","duration":0.03454200000004448,"failureMessages":[],"meta":{},"tags":[]},{"ancestorTitles":["Form Responsive"],"fullName":"Form Responsive has form actions stacked on mobile","status":"passed","title":"has form actions stacked on mobile","duration":0.03183400000000347,"failureMessages":[],"meta":{},"tags":[]},{"ancestorTitles":["Form Responsive"],"fullName":"Form Responsive has full width form buttons on mobile","status":"passed","title":"has full width form buttons on mobile","duration":0.03054199999996854,"failureMessages":[],"meta":{},"tags":[]},{"ancestorTitles":["Tabs Responsive"],"fullName":"Tabs Responsive has scrollable tabs on mobile","status":"passed","title":"has scrollable tabs on mobile","duration":0.032417000000009466,"failureMessages":[],"meta":{},"tags":[]},{"ancestorTitles":["Tabs Responsive"],"fullName":"Tabs Responsive has nowrap tab labels","status":"passed","title":"has nowrap tab labels","duration":0.02991599999995742,"failureMessages":[],"meta":{},"tags":[]},{"ancestorTitles":["Animation Responsive"],"fullName":"Animation Responsive has reduced motion support","status":"passed","title":"has reduced motion support","duration":0.03983299999998735,"failureMessages":[],"meta":{},"tags":[]},{"ancestorTitles":["Portal Specific Responsive"],"fullName":"Portal Specific Responsive has portal responsive fixes","status":"passed","title":"has portal responsive fixes","duration":0.03429199999999355,"failureMessages":[],"meta":{},"tags":[]},{"ancestorTitles":["Portal Specific Responsive"],"fullName":"Portal Specific Responsive has invoice table responsive","status":"passed","title":"has invoice table responsive","duration":0.03100000000000591,"failureMessages":[],"meta":{},"tags":[]},{"ancestorTitles":["Portal Specific Responsive"],"fullName":"Portal Specific Responsive has payment cards responsive","status":"passed","title":"has payment cards responsive","duration":0.03100000000000591,"failureMessages":[],"meta":{},"tags":[]},{"ancestorTitles":["Admin Specific Responsive"],"fullName":"Admin Specific Responsive has admin widget responsive","status":"passed","title":"has admin widget responsive","duration":0.03483399999998937,"failureMessages":[],"meta":{},"tags":[]},{"ancestorTitles":["Admin Specific Responsive"],"fullName":"Admin Specific Responsive has campaign card responsive","status":"passed","title":"has campaign card responsive","duration":0.038250000000005,"failureMessages":[],"meta":{},"tags":[]},{"ancestorTitles":["Admin Specific Responsive"],"fullName":"Admin Specific Responsive has leads table responsive","status":"passed","title":"has leads table responsive","duration":0.03145799999998644,"failureMessages":[],"meta":{},"tags":[]},{"ancestorTitles":["Utility Classes Responsive"],"fullName":"Utility Classes Responsive has hide/show utilities","status":"passed","title":"has hide/show utilities","duration":0.031999999999982265,"failureMessages":[],"meta":{},"tags":[]},{"ancestorTitles":["Utility Classes Responsive"],"fullName":"Utility Classes Responsive has hide-mobile-small utility","status":"passed","title":"has hide-mobile-small utility","duration":0.02995800000002191,"failureMessages":[],"meta":{},"tags":[]},{"ancestorTitles":["Utility Classes Responsive"],"fullName":"Utility Classes Responsive has responsive text utility","status":"passed","title":"has responsive text utility","duration":0.03237500000000182,"failureMessages":[],"meta":{},"tags":[]},{"ancestorTitles":["Utility Classes Responsive"],"fullName":"Utility Classes Responsive has responsive padding utility","status":"passed","title":"has responsive padding utility","duration":0.03100000000000591,"failureMessages":[],"meta":{},"tags":[]},{"ancestorTitles":["Utility Classes Responsive"],"fullName":"Utility Classes Responsive has mobile full width utility","status":"passed","title":"has mobile full width utility","duration":0.030541000000027907,"failureMessages":[],"meta":{},"tags":[]},{"ancestorTitles":["CSS Coverage"],"fullName":"CSS Coverage responsive.css has substantial content","status":"passed","title":"responsive.css has substantial content","duration":0.10295899999999847,"failureMessages":[],"meta":{},"tags":[]},{"ancestorTitles":["CSS Coverage"],"fullName":"CSS Coverage has print styles","status":"passed","title":"has print styles","duration":0.03787500000004229,"failureMessages":[],"meta":{},"tags":[]}],"startTime":1773503684547,"endTime":1773503684551.103,"status":"passed","message":"","name":"/Users/mac/.gemini/antigravity/scratch/sadec-marketing-hub/tests/responsive-viewports.vitest.ts"},{"assertionResults":[{"ancestorTitles":["KPI Card Widget"],"fullName":"KPI Card Widget renders custom element","status":"passed","title":"renders custom element","duration":43.070959000000016,"failureMessages":[],"meta":{},"tags":[]},{"ancestorTitles":["KPI Card Widget"],"fullName":"KPI Card Widget displays correct title and value","status":"passed","title":"displays correct title and value","duration":9.146792000000005,"failureMessages":[],"meta":{},"tags":[]},{"ancestorTitles":["KPI Card Widget"],"fullName":"KPI Card Widget shows trend indicator","status":"passed","title":"shows trend indicator","duration":7.498499999999922,"failureMessages":[],"meta":{},"tags":[]},{"ancestorTitles":["KPI Card Widget"],"fullName":"KPI Card Widget has correct icon","status":"passed","title":"has correct icon","duration":5.37337500000001,"failureMessages":[],"meta":{},"tags":[]},{"ancestorTitles":["KPI Card Widget"],"fullName":"KPI Card Widget applies correct color theme","status":"passed","title":"applies correct color theme","duration":5.038457999999991,"failureMessages":[],"meta":{},"tags":[]},{"ancestorTitles":["KPI Card Widget"],"fullName":"KPI Card Widget renders sparkline when data provided","status":"passed","title":"renders sparkline when data provided","duration":5.445959000000016,"failureMessages":[],"meta":{},"tags":[]},{"ancestorTitles":["KPI Card Widget"],"fullName":"KPI Card Widget has shadow DOM in open mode","status":"passed","title":"has shadow DOM in open mode","duration":3.9664579999999887,"failureMessages":[],"meta":{},"tags":[]},{"ancestorTitles":["KPI Card Widget - Attribute Changes"],"fullName":"KPI Card Widget - Attribute Changes updates when attributes change","status":"passed","title":"updates when attributes change","duration":7.994125000000054,"failureMessages":[],"meta":{},"tags":[]}],"startTime":1773503684816,"endTime":1773503684903.9941,"status":"passed","message":"","name":"/Users/mac/.gemini/antigravity/scratch/sadec-marketing-hub/tests/widgets.vitest.ts"},{"assertionResults":[{"ancestorTitles":["Format Utilities","formatCurrency"],"fullName":"Format Utilities formatCurrency should format number as VND currency","status":"passed","title":"should format number as VND currency","duration":12.911584000000005,"failureMessages":[],"meta":{},"tags":[]},{"ancestorTitles":["Format Utilities","formatCurrency"],"fullName":"Format Utilities formatCurrency should handle null/undefined","status":"passed","title":"should handle null/undefined","duration":0.1845000000000141,"failureMessages":[],"meta":{},"tags":[]},{"ancestorTitles":["Format Utilities","formatCurrency"],"fullName":"Format Utilities formatCurrency should support custom currency","status":"passed","title":"should support custom currency","duration":0.1282080000000292,"failureMessages":[],"meta":{},"tags":[]},{"ancestorTitles":["Format Utilities","formatCurrencyVN"],"fullName":"Format Utilities formatCurrencyVN should format billions correctly","status":"passed","title":"should format billions correctly","duration":0.10283299999997553,"failureMessages":[],"meta":{},"tags":[]},{"ancestorTitles":["Format Utilities","formatCurrencyVN"],"fullName":"Format Utilities formatCurrencyVN should format millions correctly","status":"passed","title":"should format millions correctly","duration":0.2643749999999727,"failureMessages":[],"meta":{},"tags":[]},{"ancestorTitles":["Format Utilities","formatCurrencyVN"],"fullName":"Format Utilities formatCurrencyVN should format small amounts","status":"passed","title":"should format small amounts","duration":0.16670800000002828,"failureMessages":[],"meta":{},"tags":[]},{"ancestorTitles":["Format Utilities","formatCurrencyVN"],"fullName":"Format Utilities formatCurrencyVN should handle null/undefined","status":"passed","title":"should handle null/undefined","duration":0.06837500000000318,"failureMessages":[],"meta":{},"tags":[]},{"ancestorTitles":["Format Utilities","formatNumber"],"fullName":"Format Utilities formatNumber should format thousands with K suffix","status":"passed","title":"should format thousands with K suffix","duration":0.07724999999999227,"failureMessages":[],"meta":{},"tags":[]},{"ancestorTitles":["Format Utilities","formatNumber"],"fullName":"Format Utilities formatNumber should format millions with M suffix","status":"passed","title":"should format millions with M suffix","duration":0.41274999999996,"failureMessages":[],"meta":{},"tags":[]},{"ancestorTitles":["Format Utilities","formatNumber"],"fullName":"Format Utilities formatNumber should handle null/undefined","status":"passed","title":"should handle null/undefined","duration":0.10437500000000455,"failureMessages":[],"meta":{},"tags":[]},{"ancestorTitles":["Format Utilities","formatPercent"],"fullName":"Format Utilities formatPercent should format percentage","status":"passed","title":"should format percentage","duration":0.08745800000002646,"failureMessages":[],"meta":{},"tags":[]},{"ancestorTitles":["Format Utilities","formatPercent"],"fullName":"Format Utilities formatPercent should respect decimals parameter","status":"passed","title":"should respect decimals parameter","duration":0.05249999999995225,"failureMessages":[],"meta":{},"tags":[]},{"ancestorTitles":["String Utilities","capitalize"],"fullName":"String Utilities capitalize should capitalize first letter","status":"passed","title":"should capitalize first letter","duration":0.07383399999997664,"failureMessages":[],"meta":{},"tags":[]},{"ancestorTitles":["String Utilities","capitalize"],"fullName":"String Utilities capitalize should handle empty string","status":"passed","title":"should handle empty string","duration":0.03550000000001319,"failureMessages":[],"meta":{},"tags":[]},{"ancestorTitles":["String Utilities","getInitials"],"fullName":"String Utilities getInitials should extract initials from name","status":"passed","title":"should extract initials from name","duration":0.07662499999997863,"failureMessages":[],"meta":{},"tags":[]},{"ancestorTitles":["String Utilities","getInitials"],"fullName":"String Utilities getInitials should handle empty string","status":"passed","title":"should handle empty string","duration":0.04149999999998499,"failureMessages":[],"meta":{},"tags":[]},{"ancestorTitles":["String Utilities","slugify"],"fullName":"String Utilities slugify should create URL slug","status":"passed","title":"should create URL slug","duration":0.17295799999999417,"failureMessages":[],"meta":{},"tags":[]},{"ancestorTitles":["String Utilities","slugify"],"fullName":"String Utilities slugify should handle special characters","status":"passed","title":"should handle special characters","duration":0.07104199999997718,"failureMessages":[],"meta":{},"tags":[]},{"ancestorTitles":["String Utilities","truncate"],"fullName":"String Utilities truncate should truncate long string","status":"passed","title":"should truncate long string","duration":0.05954100000002427,"failureMessages":[],"meta":{},"tags":[]},{"ancestorTitles":["String Utilities","truncate"],"fullName":"String Utilities truncate should not truncate short string","status":"passed","title":"should not truncate short string","duration":0.03325000000000955,"failureMessages":[],"meta":{},"tags":[]},{"ancestorTitles":["String Utilities","truncate"],"fullName":"String Utilities truncate should handle empty string","status":"passed","title":"should handle empty string","duration":0.037750000000016826,"failureMessages":[],"meta":{},"tags":[]},{"ancestorTitles":["String Utilities","escapeHTML"],"fullName":"String Utilities escapeHTML should escape HTML entities","status":"passed","title":"should escape HTML entities","duration":0.45025000000003956,"failureMessages":[],"meta":{},"tags":[]},{"ancestorTitles":["String Utilities","escapeHTML"],"fullName":"String Utilities escapeHTML should handle empty string","status":"passed","title":"should handle empty string","duration":0.04683400000004667,"failureMessages":[],"meta":{},"tags":[]},{"ancestorTitles":["Array Utilities","groupBy"],"fullName":"Array Utilities groupBy should group array by key","status":"passed","title":"should group array by key","duration":0.07433300000002419,"failureMessages":[],"meta":{},"tags":[]},{"ancestorTitles":["Array Utilities","sortBy"],"fullName":"Array Utilities sortBy should sort array ascending","status":"passed","title":"should sort array ascending","duration":0.0821250000000191,"failureMessages":[],"meta":{},"tags":[]},{"ancestorTitles":["Array Utilities","sortBy"],"fullName":"Array Utilities sortBy should sort array descending","status":"passed","title":"should sort array descending","duration":0.04504199999996672,"failureMessages":[],"meta":{},"tags":[]},{"ancestorTitles":["Array Utilities","sortBy"],"fullName":"Array Utilities sortBy should sort strings with Vietnamese locale","status":"passed","title":"should sort strings with Vietnamese locale","duration":0.588374999999985,"failureMessages":[],"meta":{},"tags":[]},{"ancestorTitles":["Array Utilities","sum"],"fullName":"Array Utilities sum should sum array values","status":"passed","title":"should sum array values","duration":0.07016699999996945,"failureMessages":[],"meta":{},"tags":[]},{"ancestorTitles":["Array Utilities","average"],"fullName":"Array Utilities average should calculate average","status":"passed","title":"should calculate average","duration":0.045459000000050764,"failureMessages":[],"meta":{},"tags":[]},{"ancestorTitles":["Array Utilities","average"],"fullName":"Array Utilities average should handle empty array","status":"passed","title":"should handle empty array","duration":0.031999999999982265,"failureMessages":[],"meta":{},"tags":[]},{"ancestorTitles":["ID Generation","generateId"],"fullName":"ID Generation generateId should generate unique ID with prefix","status":"passed","title":"should generate unique ID with prefix","duration":0.10491700000000037,"failureMessages":[],"meta":{},"tags":[]},{"ancestorTitles":["ID Generation","generateId"],"fullName":"ID Generation generateId should generate different IDs","status":"passed","title":"should generate different IDs","duration":0.3205000000000382,"failureMessages":[],"meta":{},"tags":[]},{"ancestorTitles":["ID Generation","generateId"],"fullName":"ID Generation generateId should use default prefix","status":"passed","title":"should use default prefix","duration":0.05641699999995353,"failureMessages":[],"meta":{},"tags":[]},{"ancestorTitles":["Performance Utilities","debounce"],"fullName":"Performance Utilities debounce should debounce function calls","status":"passed","title":"should debounce function calls","duration":152.040958,"failureMessages":[],"meta":{},"tags":[]},{"ancestorTitles":["Performance Utilities","throttle"],"fullName":"Performance Utilities throttle should throttle function calls","status":"passed","title":"should throttle function calls","duration":151.33379200000002,"failureMessages":[],"meta":{},"tags":[]}],"startTime":1773503684700,"endTime":1773503685021.3337,"status":"passed","message":"","name":"/Users/mac/.gemini/antigravity/scratch/sadec-marketing-hub/assets/js/core-utils.test.js"}]}
